TN:
SF:app.js
FNF:0
FNH:0
DA:1,1
DA:2,1
DA:3,1
DA:6,1
DA:9,1
DA:21,1
LF:6
LH:6
BRF:0
BRH:0
end_of_record
TN:
SF:controllers/booksController.js
FN:4,(anonymous_0)
FN:9,(anonymous_1)
FN:16,(anonymous_2)
FN:26,(anonymous_3)
FN:33,(anonymous_4)
FNF:5
FNH:5
FNDA:1,(anonymous_0)
FNDA:2,(anonymous_1)
FNDA:5,(anonymous_2)
FNDA:4,(anonymous_3)
FNDA:2,(anonymous_4)
DA:1,1
DA:4,1
DA:5,1
DA:9,1
DA:10,2
DA:11,2
DA:12,1
DA:16,1
DA:17,5
DA:18,5
DA:19,1
DA:21,4
DA:22,4
DA:26,1
DA:27,4
DA:28,4
DA:29,3
DA:33,1
DA:34,2
DA:35,2
DA:36,1
LF:21
LH:21
BRDA:11,0,0,1
BRDA:11,0,1,1
BRDA:18,1,0,1
BRDA:18,1,1,4
BRDA:18,2,0,5
BRDA:18,2,1,5
BRDA:28,3,0,1
BRDA:28,3,1,3
BRDA:35,4,0,1
BRDA:35,4,1,1
BRF:10
BRH:10
end_of_record
TN:
SF:models/book.js
FN:9,(anonymous_0)
FN:13,(anonymous_1)
FN:14,(anonymous_2)
FN:17,(anonymous_3)
FN:27,(anonymous_4)
FN:35,(anonymous_5)
FN:36,(anonymous_6)
FNF:7
FNH:7
FNDA:1,(anonymous_0)
FNDA:6,(anonymous_1)
FNDA:23,(anonymous_2)
FNDA:4,(anonymous_3)
FNDA:4,(anonymous_4)
FNDA:2,(anonymous_5)
FNDA:11,(anonymous_6)
DA:1,1
DA:6,1
DA:10,1
DA:14,23
DA:18,4
DA:23,4
DA:24,4
DA:28,4
DA:29,4
DA:30,3
DA:31,3
DA:32,3
DA:36,11
DA:37,2
DA:38,1
DA:39,1
DA:43,1
LF:17
LH:17
BRDA:29,0,0,1
BRDA:29,0,1,3
BRDA:30,1,0,3
BRDA:30,1,1,1
BRDA:31,2,0,3
BRDA:31,2,1,1
BRDA:37,3,0,1
BRDA:37,3,1,1
BRF:8
BRH:8
end_of_record
TN:
SF:routes/books.js
FNF:0
FNH:0
DA:1,1
DA:2,1
DA:3,1
DA:6,1
DA:7,1
DA:8,1
DA:9,1
DA:10,1
DA:12,1
LF:9
LH:9
BRF:0
BRH:0
end_of_record
